<?xml version="1.0" encoding="UTF-8"?>
<testng-results ignored="0" total="1" passed="1" failed="0" skipped="0">
  <reporter-output>
  </reporter-output>
  <suite started-at="2022-09-04T16:39:21Z" name="TestSuite" finished-at="2022-09-04T16:39:21Z" duration-ms="24">
    <groups>
    </groups>
    <test started-at="2022-09-04T16:39:21Z" name="Regression Test" finished-at="2022-09-04T16:39:21Z" duration-ms="24">
      <class name="ATB.MasterATB.Driver">
        <test-method signature="Test()[pri:0, instance:ATB.MasterATB.Driver@24313fcc]" started-at="2022-09-04T16:39:21Z" name="Test" finished-at="2022-09-04T16:39:21Z" duration-ms="7" status="PASS">
          <reporter-output>
          </reporter-output>
        </test-method> <!-- Test -->
      </class> <!-- ATB.MasterATB.Driver -->
    </test> <!-- Regression Test -->
  </suite> <!-- TestSuite -->
</testng-results>
